#
# There is insufficient memory for the Java Runtime Environment to continue.
# Native memory allocation (malloc) failed to allocate 1048576 bytes for AllocateHeap
# Possible reasons:
#   The system is out of physical RAM or swap space
#   In 32 bit mode, the process size limit was hit
# Possible solutions:
#   Reduce memory load on the system
#   Increase physical memory or swap space
#   Check if swap backing store is full
#   Use 64 bit Java on a 64 bit OS
#   Decrease Java heap size (-Xmx/-Xms)
#   Decrease number of Java threads
#   Decrease Java thread stack sizes (-Xss)
#   Set larger code cache with -XX:ReservedCodeCacheSize=
# This output file may be truncated or incomplete.
#
#  Out of Memory Error (memory/allocation.inline.hpp:61), pid=7244, tid=0x0000000000003e7c
#
# JRE version:  (8.0_152-b01) (build )
# Java VM: OpenJDK 64-Bit Server VM (25.152-b01 mixed mode windows-amd64 compressed oops)
# Failed to write core dump. Minidumps are not enabled by default on client versions of Windows
#

---------------  T H R E A D  ---------------

Current thread (0x00000000030f7000):  JavaThread "Unknown thread" [_thread_in_vm, id=15996, stack(0x0000000002ff0000,0x00000000030f0000)]

Stack: [0x0000000002ff0000,0x00000000030f0000]
[error occurred during error reporting (printing stack bounds), id 0xc0000005]

Native frames: (J=compiled Java code, j=interpreted, Vv=VM code, C=native code)


---------------  P R O C E S S  ---------------

Java Threads: ( => current thread )

Other Threads:

=>0x00000000030f7000 (exited) JavaThread "Unknown thread" [_thread_in_vm, id=15996, stack(0x0000000002ff0000,0x00000000030f0000)]

VM state:not at safepoint (normal execution)

VM Mutex/Monitor currently owned by a thread: None

Heap:
 PSYoungGen      total 18944K, used 327K [0x00000000feb00000, 0x0000000100000000, 0x0000000100000000)
  eden space 16384K, 2% used [0x00000000feb00000,0x00000000feb51ec8,0x00000000ffb00000)
  from space 2560K, 0% used [0x00000000ffd80000,0x00000000ffd80000,0x0000000100000000)
  to   space 2560K, 0% used [0x00000000ffb00000,0x00000000ffb00000,0x00000000ffd80000)
 ParOldGen       total 44032K, used 0K [0x00000000fc000000, 0x00000000feb00000, 0x00000000feb00000)
  object space 44032K, 0% used [0x00000000fc000000,0x00000000fc000000,0x00000000feb00000)
 Metaspace       used 772K, capacity 4480K, committed 4480K, reserved 1056768K
  class space    used 73K, capacity 384K, committed 384K, reserved 1048576K

Card table byte_map: [0x0000000002af0000,0x0000000002b20000] byte_map_base: 0x0000000002310000

Marking Bits: (ParMarkBitMap*) 0x00000000684a3950
 Begin Bits: [0x0000000012db0000, 0x0000000012eb0000)
 End Bits:   [0x0000000012eb0000, 0x0000000012fb0000)

Polling page: 0x0000000002ac0000

CodeCache: size=245760Kb used=328Kb max_used=328Kb free=245431Kb
 bounds [0x00000000031f0000, 0x0000000003460000, 0x00000000121f0000]
 total_blobs=57 nmethods=0 adapters=38
 compilation: enabled

Compilation events (0 events):
No events

GC Heap History (0 events):
No events

Deoptimization events (0 events):
No events

Classes redefined (0 events):
No events

Internal exceptions (0 events):
No events

Events (10 events):
Event: 0.047 loading class java/lang/Short
Event: 0.047 loading class java/lang/Short done
Event: 0.047 loading class java/lang/Integer
Event: 0.054 loading class java/lang/Integer done
Event: 0.054 loading class java/lang/Long
Event: 0.055 loading class java/lang/Long done
Event: 0.056 loading class java/lang/NullPointerException
Event: 0.056 loading class java/lang/NullPointerException done
Event: 0.056 loading class java/lang/ArithmeticException
Event: 0.056 loading class java/lang/ArithmeticException done


Dynamic libraries:
0x00007ff7372d0000 - 0x00007ff737301000 	C:\Program Files\Android\Android Studio\jre\bin\java.exe
0x00007ff8b4e40000 - 0x00007ff8b5021000 	C:\WINDOWS\SYSTEM32\ntdll.dll
0x00007ff8b3f40000 - 0x00007ff8b3ff1000 	C:\WINDOWS\System32\KERNEL32.DLL
0x00007ff8b1200000 - 0x00007ff8b1473000 	C:\WINDOWS\System32\KERNELBASE.dll
0x00007ff8b4cd0000 - 0x00007ff8b4d71000 	C:\WINDOWS\System32\ADVAPI32.dll
0x00007ff8b3e90000 - 0x00007ff8b3f2e000 	C:\WINDOWS\System32\msvcrt.dll
0x00007ff8b4d80000 - 0x00007ff8b4ddb000 	C:\WINDOWS\System32\sechost.dll
0x00007ff8b2320000 - 0x00007ff8b2444000 	C:\WINDOWS\System32\RPCRT4.dll
0x00007ff8b3c60000 - 0x00007ff8b3df0000 	C:\WINDOWS\System32\USER32.dll
0x00007ff8b2010000 - 0x00007ff8b2030000 	C:\WINDOWS\System32\win32u.dll
0x00007ff8b4de0000 - 0x00007ff8b4e08000 	C:\WINDOWS\System32\GDI32.dll
0x00007ff8b1580000 - 0x00007ff8b1711000 	C:\WINDOWS\System32\gdi32full.dll
0x00007ff8b2220000 - 0x00007ff8b22bf000 	C:\WINDOWS\System32\msvcp_win.dll
0x00007ff8b1480000 - 0x00007ff8b1578000 	C:\WINDOWS\System32\ucrtbase.dll
0x00007ff8aab70000 - 0x00007ff8aadd9000 	C:\WINDOWS\WinSxS\amd64_microsoft.windows.common-controls_6595b64144ccf1df_6.0.17134.1067_none_d401a3eb7c8ebdea\COMCTL32.dll
0x00007ff8b47e0000 - 0x00007ff8b4b01000 	C:\WINDOWS\System32\combase.dll
0x00007ff8b1ee0000 - 0x00007ff8b1f59000 	C:\WINDOWS\System32\bcryptPrimitives.dll
0x00007ff8b3e00000 - 0x00007ff8b3e2d000 	C:\WINDOWS\System32\IMM32.DLL
0x0000000067c00000 - 0x0000000067cd2000 	C:\Program Files\Android\Android Studio\jre\jre\bin\msvcr100.dll
0x0000000067ce0000 - 0x000000006851e000 	C:\Program Files\Android\Android Studio\jre\jre\bin\server\jvm.dll
0x00007ff8b3f30000 - 0x00007ff8b3f38000 	C:\WINDOWS\System32\PSAPI.DLL
0x00007ff8ade90000 - 0x00007ff8ade99000 	C:\WINDOWS\SYSTEM32\WSOCK32.dll
0x00007ff8acf90000 - 0x00007ff8acfb3000 	C:\WINDOWS\SYSTEM32\WINMM.dll
0x00007ff8acf80000 - 0x00007ff8acf8a000 	C:\WINDOWS\SYSTEM32\VERSION.dll
0x00007ff8b3a80000 - 0x00007ff8b3aec000 	C:\WINDOWS\System32\WS2_32.dll
0x00007ff8ace70000 - 0x00007ff8ace9a000 	C:\WINDOWS\SYSTEM32\WINMMBASE.dll
0x00007ff8b1e90000 - 0x00007ff8b1ed9000 	C:\WINDOWS\System32\cfgmgr32.dll
0x00007ff8ad0e0000 - 0x00007ff8ad0ef000 	C:\Program Files\Android\Android Studio\jre\jre\bin\verify.dll
0x00007ff8ad0b0000 - 0x00007ff8ad0d9000 	C:\Program Files\Android\Android Studio\jre\jre\bin\java.dll
0x00007ff8a8210000 - 0x00007ff8a8226000 	C:\Program Files\Android\Android Studio\jre\jre\bin\zip.dll

VM Arguments:
jvm_args: -Djava.awt.headless=true -Xmx64M -Dfile.encoding=GBK -Duser.country=CN -Duser.language=zh -Duser.variant 
java_command: com.google.devtools.build.android.desugar.Desugar --input D:\zjh\myGitProject\ktWelfare\app\build\intermediates\transforms\stackFramesFixer\debug\7.jar --output D:\zjh\myGitProject\ktWelfare\app\build\intermediates\transforms\desugar\debug\10.jar --input D:\zjh\myGitProject\ktWelfare\app\build\intermediates\transforms\stackFramesFixer\debug\50.jar --output D:\zjh\myGitProject\ktWelfare\app\build\intermediates\transforms\desugar\debug\53.jar --input D:\zjh\myGitProject\ktWelfare\app\build\intermediates\transforms\stackFramesFixer\debug\52.jar --output D:\zjh\myGitProject\ktWelfare\app\build\intermediates\transforms\desugar\debug\55.jar --input D:\zjh\myGitProject\ktWelfare\app\build\intermediates\transforms\stackFramesFixer\debug\37.jar --output D:\zjh\myGitProject\ktWelfare\app\build\intermediates\transforms\desugar\debug\40.jar --input D:\zjh\myGitProject\ktWelfare\app\build\intermediates\transforms\stackFramesFixer\debug\31.jar --output D:\zjh\myGitProject\ktWelfare\app\build\intermediates\transforms\desugar\debug\34.jar --input D:\zjh\myGitProject\ktWelfare\app\build\intermediates\transforms\stackFramesFixer\debug\43.jar --output D:\zjh\myGitProject\ktWelfare\app\build\intermediates\transforms\desugar\debug\46.jar --input D:\zjh\myGitProject\ktWelfare\app\build\intermediates\transforms\stackFramesFixer\debug\49.jar --output D:\zjh\myGitProject\ktWelfare\app\build\intermediates\transforms\desugar\debug\52.jar --input D:\zjh\myGitProject\ktWelfare\app\build\intermediates\transforms\stackFramesFixer\debug\3.jar --output D:\zjh\myGitProject\ktWelfare\app\build\intermediates\transforms\desugar\debug\6.jar --classpath_entry D:\zjh\myGitProject\ktWelfare\multiple-status-view\build\intermediates\intermediate-jars\debug\classes.jar --classpath_entry D:\zjh\myGitProject\ktWelfare\app\build\intermediates\classes\debug --classpath_entry D:\zjh\myGitProject\ktWelfare\app\build\tmp\kotlin-classes\debug --classpath_entry D:\zjh\myGitProject\ktWelfare\app\build\i
java_class_path (initial): C:\Users\songlive\AppData\Local\Temp\desugar_deploy.jar5188960149170064194
Launcher Type: SUN_STANDARD

Environment Variables:
JAVA_HOME=C:\Program Files\Java\jdk1.8.0_73
PATH=D:\zjh\android\jdk\bin;C:\Program Files (x86)\Subversion\bin\;C:\Users\songlive\AppData\Local\Android\sdk\platform-tools;C:\Windows\System32;D:\zjh\java\mysql-5.6.24-win32.1432006610\mysql-5.6.24-win32\bin;C:\Python27;D:\zjh\npm;C:\WINDOWS\system32;C:\WINDOWS;C:\WINDOWS\System32\Wbem;C:\WINDOWS\System32\WindowsPowerShell\v1.0\;D:\zjh\npm\node_modules\handlebars\bin;C:\Users\songlive\zjh\vagrant\bin;D:\zjh\nodejs\;C:\Ruby23-x64\bin;C:\Program Files\cURL\bin;C:\Python27\Scripts;C:\python27\lib\site-packages;C:\Program Files\Java\jdk1.8.0_73\bin;C:\WINDOWS\System32\OpenSSH\;D:\zjh\android\flutter_windows_v1.0.0-stable\flutter\bin;D:\zjh\html\Microsoft VS Code\bin;D:\Èí¼þ\bin;D;\zjh\vc\MinGW\bin;D:\zjh\php\xampp\php;C:\composer;D:\zjh\software\vc++\Tools\WinNT;D:\zjh\software\vc++\MSDev98\Bin;D:\zjh\software\vc++\Tools;D:\zjh\software\VC98\bin;c:\windows\system32;C:\Users\songlive\.gradle\wrapper\dists\gradle-2.8-all\ah86jmo43de9lfa8xg9ux3c4h\gradle-2.8\bin;D:\zjh\html\Microsoft VS Code\bin;C:\Users\songlive\AppData\Local\Microsoft\WindowsApps;C:\Users\songlive\zjh\vagrant\bin;D:\zjh\php\wamp\bin\php\php5.5.12;C:\Users\songlive\AppData\Roaming\Composer\vendor\bin;C:\Users\songlive\AppData\Roaming\npm;C:\Users\songlive\AppData\Local\Programs\Fiddler;D:\zjh\html\egret\Egret Wing 3\bin;%USERPROFILE%\AppData\Local\Microsoft\WindowsApps;
USERNAME=songlive
OS=Windows_NT
PROCESSOR_IDENTIFIER=Intel64 Family 6 Model 60 Stepping 3, GenuineIntel



---------------  S Y S T E M  ---------------

OS: Windows 10.0 , 64 bit Build 17134 (10.0.17134.753)

CPU:total 8 (initial active 8) (4 cores per cpu, 2 threads per core) family 6 model 60 stepping 3, cmov, cx8, fxsr, mmx, sse, sse2, sse3, ssse3, sse4.1, sse4.2, popcnt, avx, avx2, aes, clmul, erms, lzcnt, ht, tsc, tscinvbit, bmi1, bmi2

Memory: 4k page, physical 8329716k(1158128k free), swap 13685716k(4264k free)

vm_info: OpenJDK 64-Bit Server VM (25.152-b01) for windows-amd64 JRE (1.8.0_152-release-915-b01), built by "builder" with MS VC++ 10.0 (VS2010)

time: Mon Oct 21 15:56:31 2019
elapsed time: 0 seconds (0d 0h 0m 0s)

